#
# A fatal error has been detected by the Java Runtime Environment:
#
#  EXCEPTION_ACCESS_VIOLATION (0xc0000005) at pc=0x00007ffe8fbe32f0, pid=5208, tid=23428
#
# JRE version: OpenJDK Runtime Environment (13.0+33) (build 13+33)
# Java VM: OpenJDK 64-Bit Server VM (13+33, mixed mode, sharing, tiered, compressed oops, g1 gc, windows-amd64)
# Problematic frame:
# C  [vulkan-1.dll+0x432f0]
#
# No core dump will be written. Minidumps are not enabled by default on client versions of Windows
#
# If you would like to submit a bug report, please visit:
#   http://bugreport.java.com/bugreport/crash.jsp
# The crash happened outside the Java Virtual Machine in native code.
# See problematic frame for where to report the bug.
#

---------------  S U M M A R Y ------------

Command Line: -javaagent:G:\Archivos de programa\IntelliJ IDEA 2019.2.2\lib\idea_rt.jar=50587:G:\Archivos de programa\IntelliJ IDEA 2019.2.2\bin -Dfile.encoding=UTF-8 naitsirc98.javavulkantutorial.Ch01InstanceCreation

Host: Intel(R) Core(TM) i7-3770 CPU @ 3.40GHz, 8 cores, 15G,  Windows 10 , 64 bit Build 18362 (10.0.18362.329)
Time: Mon Feb  3 21:43:46 2020 Hora estándar GMT elapsed time: 0 seconds (0d 0h 0m 0s)

---------------  T H R E A D  ---------------

Current thread (0x0000023e6d2a3000):  JavaThread "main" [_thread_in_native, id=23428, stack(0x0000005e13700000,0x0000005e13800000)]

Stack: [0x0000005e13700000,0x0000005e13800000],  sp=0x0000005e137ff000,  free space=1020k
Native frames: (J=compiled Java code, j=interpreted, Vv=VM code, C=native code)
C  [vulkan-1.dll+0x432f0]

Java frames: (J=compiled Java code, j=interpreted, Vv=VM code)
j  org.lwjgl.system.JNI.callPPPI(JJJJ)I+0
j  org.lwjgl.vulkan.VK10.nvkCreateInstance(JJJ)I+34
j  org.lwjgl.vulkan.VK10.vkCreateInstance(Lorg/lwjgl/vulkan/VkInstanceCreateInfo;Lorg/lwjgl/vulkan/VkAllocationCallbacks;Lorg/lwjgl/PointerBuffer;)I+23
j  naitsirc98.javavulkantutorial.Ch01InstanceCreation$HelloTriangleApplication.createInstance()V+119
j  naitsirc98.javavulkantutorial.Ch01InstanceCreation$HelloTriangleApplication.initVulkan()V+1
j  naitsirc98.javavulkantutorial.Ch01InstanceCreation$HelloTriangleApplication.run()V+5
j  naitsirc98.javavulkantutorial.Ch01InstanceCreation.main([Ljava/lang/String;)V+10
v  ~StubRoutines::call_stub

siginfo: EXCEPTION_ACCESS_VIOLATION (0xc0000005), reading address 0xffffffffffffffff


Register to memory mapping:

RIP=0x00007ffe8fbe32f0 vulkan-1.dll
RAX=0x00000000000003ff is an unknown value
RBX=0x006e005c00730072 is an unknown value
RCX=0x006e005c00730072 is an unknown value
RDX=0x0 is NULL
RSP=0x0000005e137ff000 is pointing into the stack for thread: 0x0000023e6d2a3000
RBP=0x0000023e11f49ee8 points into unknown readable memory: 00 00 00 00 00 00 00 00
RSI=0x0 is NULL
RDI=0x0000023e11da9700 points into unknown readable memory: 01 00 00 00 73 00 65 00
R8 =0x0000023e11f49ee8 points into unknown readable memory: 00 00 00 00 00 00 00 00
R9 =0x0000023e11f49ef0 points into unknown readable memory: 00 00 00 00 00 00 00 00
R10=0x0000023e6b0c0000 points into unknown readable memory: 00 00 00 00 00 00 00 00
R11=0x0000023e11f45f30 points into unknown readable memory: 00 00 00 00 00 00 00 00
R12=0x0000023e11f49ef0 points into unknown readable memory: 00 00 00 00 00 00 00 00
R13=0x0000023e11f49ee0 points into unknown readable memory: 00 00 00 00 00 00 00 00
R14=0x0 is NULL
R15=0x0000023e11f49ef8 points into unknown readable memory: 00 00 00 00 00 00 00 00


Registers:
RAX=0x00000000000003ff, RBX=0x006e005c00730072, RCX=0x006e005c00730072, RDX=0x0000000000000000
RSP=0x0000005e137ff000, RBP=0x0000023e11f49ee8, RSI=0x0000000000000000, RDI=0x0000023e11da9700
R8 =0x0000023e11f49ee8, R9 =0x0000023e11f49ef0, R10=0x0000023e6b0c0000, R11=0x0000023e11f45f30
R12=0x0000023e11f49ef0, R13=0x0000023e11f49ee0, R14=0x0000000000000000, R15=0x0000023e11f49ef8
RIP=0x00007ffe8fbe32f0, EFLAGS=0x0000000000010206

Top of Stack: (sp=0x0000005e137ff000)
0x0000005e137ff000:   0000023e114b54a0 0000000000000000
0x0000005e137ff010:   0000000000000004 00007ffe8fc35518
0x0000005e137ff020:   0000000000000003 0000000000004008
0x0000005e137ff030:   0000023e11f49ed0 0000023e11f49ee8
0x0000005e137ff040:   0000000000000000 00007ffe8fbdcc9f
0x0000005e137ff050:   0000023e114b54a0 0000000000000000
0x0000005e137ff060:   0000023e11f45f30 0000000000000004
0x0000005e137ff070:   0000023e11f49ef8 0000005e137ff208
0x0000005e137ff080:   0065007300000001 006e005c00730072
0x0000005e137ff090:   0073007400000000 0000023e11da9760
0x0000005e137ff0a0:   0061007400000000 0000000000000000
0x0000005e137ff0b0:   0054005c00000002 00007ffe934389f0
0x0000005e137ff0c0:   0000023e6d2a3000 0000023e114b54a0
0x0000005e137ff0d0:   0000005e137ff208 0000023e00009d50
0x0000005e137ff0e0:   0000023e1115d6b0 0000005e137ff1b0
0x0000005e137ff0f0:   0000023e114b54a0 0000023e0000f477 

Instructions: (pc=0x00007ffe8fbe32f0)
0x00007ffe8fbe31f0:   6c 24 68 48 83 c4 30 41 5e 41 5c 5e c3 e8 1e 60
0x00007ffe8fbe3200:   fc ff 48 8b d0 48 8b 44 24 70 48 89 10 48 85 d2
0x00007ffe8fbe3210:   75 0e 48 8b cf e8 f6 68 fc ff eb be 0f 1f 40 00
0x00007ffe8fbe3220:   81 3b f8 f4 9a 3b 75 23 0f 10 03 0f 11 07 0f 10
0x00007ffe8fbe3230:   4b 10 0f 11 4f 10 f2 0f 10 43 20 f2 0f 11 47 20
0x00007ffe8fbe3240:   48 89 3a 48 83 c2 08 48 83 c7 28 48 8b 5b 08 48
0x00007ffe8fbe3250:   85 db 75 cc 89 75 00 33 c0 eb 84 33 c0 eb 8a cc
0x00007ffe8fbe3260:   cc cc cc cc cc cc cc cc cc cc cc cc cc cc cc cc
0x00007ffe8fbe3270:   cc cc cc cc cc cc cc cc cc cc cc cc cc cc cc cc
0x00007ffe8fbe3280:   cc cc cc cc cc cc cc cc cc cc cc cc cc cc cc cc
0x00007ffe8fbe3290:   cc cc cc cc cc cc cc cc cc cc cc cc cc cc cc cc
0x00007ffe8fbe32a0:   cc cc cc cc cc cc cc cc cc cc cc cc cc cc cc cc
0x00007ffe8fbe32b0:   cc cc cc cc cc cc cc cc cc cc cc cc cc cc cc cc
0x00007ffe8fbe32c0:   48 89 5c 24 18 48 89 6c 24 20 56 41 54 41 56 48
0x00007ffe8fbe32d0:   83 ec 30 33 f6 4d 8b e1 41 89 30 49 8b e8 4c 8b
0x00007ffe8fbe32e0:   f2 48 8b d9 48 85 c9 0f 84 2c 01 00 00 0f 1f 00
0x00007ffe8fbe32f0:   81 39 04 be 9c 3b 8d 46 01 48 8b 49 08 0f 45 c6
0x00007ffe8fbe3300:   8b f0 48 85 c9 75 e9 85 c0 0f 84 0a 01 00 00 48
0x00007ffe8fbe3310:   8d 0c 40 48 89 7c 24 50 48 c1 e1 04 4c 89 7c 24
0x00007ffe8fbe3320:   58 4d 85 f6 74 1c 49 8b 46 08 41 b9 01 00 00 00
0x00007ffe8fbe3330:   48 8b d1 49 8b 0e 45 8d 41 07 ff 15 d0 2c 0c 00
0x00007ffe8fbe3340:   eb 05 e8 d9 5e fc ff 49 89 04 24 48 8b f8 48 85
0x00007ffe8fbe3350:   c0 74 47 48 8d 0c f5 00 00 00 00 4d 85 f6 74 5d
0x00007ffe8fbe3360:   49 8b 46 08 41 b9 01 00 00 00 48 8b d1 49 8b 0e
0x00007ffe8fbe3370:   45 8d 41 07 ff 15 96 2c 0c 00 48 8b 4c 24 70 48
0x00007ffe8fbe3380:   8b d0 48 89 01 48 85 c0 75 56 49 8b 0e 48 8b d7
0x00007ffe8fbe3390:   49 8b 46 18 ff 15 76 2c 0c 00 b8 ff ff ff ff 48
0x00007ffe8fbe33a0:   8b 7c 24 50 4c 8b 7c 24 58 48 8b 5c 24 60 48 8b
0x00007ffe8fbe33b0:   6c 24 68 48 83 c4 30 41 5e 41 5c 5e c3 e8 5e 5e
0x00007ffe8fbe33c0:   fc ff 48 8b d0 48 8b 44 24 70 48 89 10 48 85 d2
0x00007ffe8fbe33d0:   75 0e 48 8b cf e8 36 67 fc ff eb be 0f 1f 40 00
0x00007ffe8fbe33e0:   81 3b 04 be 9c 3b 75 21 0f 10 03 0f 11 07 0f 10 


Stack slot to memory mapping:
stack at sp + 0 slots: {method} {0x0000023e114b54a8} 'callPPPI' '(JJJJ)I' in 'org/lwjgl/system/JNI'
stack at sp + 1 slots: 0x0 is NULL
stack at sp + 2 slots: 0x0000000000000004 is an unknown value
stack at sp + 3 slots: 0x00007ffe8fc35518 vulkan-1.dll
stack at sp + 4 slots: 0x0000000000000003 is an unknown value
stack at sp + 5 slots: 0x0000000000004008 is an unknown value
stack at sp + 6 slots: 0x0000023e11f49ed0 points into unknown readable memory: 00 00 00 00 00 00 00 00
stack at sp + 7 slots: 0x0000023e11f49ee8 points into unknown readable memory: 00 00 00 00 00 00 00 00


---------------  P R O C E S S  ---------------

Threads class SMR info:
_java_thread_list=0x0000023e11b47140, length=11, elements={
0x0000023e6d2a3000, 0x0000023e7feeb000, 0x0000023e7feee000, 0x0000023e1188d800,
0x0000023e1188e800, 0x0000023e11892800, 0x0000023e118a0000, 0x0000023e118a9800,
0x0000023e7fed1000, 0x0000023e11b3c800, 0x0000023e11b37000
}

Java Threads: ( => current thread )
=>0x0000023e6d2a3000 JavaThread "main" [_thread_in_native, id=23428, stack(0x0000005e13700000,0x0000005e13800000)]
  0x0000023e7feeb000 JavaThread "Reference Handler" daemon [_thread_blocked, id=7860, stack(0x0000005e13e00000,0x0000005e13f00000)]
  0x0000023e7feee000 JavaThread "Finalizer" daemon [_thread_blocked, id=26568, stack(0x0000005e13f00000,0x0000005e14000000)]
  0x0000023e1188d800 JavaThread "Signal Dispatcher" daemon [_thread_blocked, id=24620, stack(0x0000005e14000000,0x0000005e14100000)]
  0x0000023e1188e800 JavaThread "Attach Listener" daemon [_thread_blocked, id=29672, stack(0x0000005e14100000,0x0000005e14200000)]
  0x0000023e11892800 JavaThread "C2 CompilerThread0" daemon [_thread_blocked, id=32056, stack(0x0000005e14200000,0x0000005e14300000)]
  0x0000023e118a0000 JavaThread "C1 CompilerThread0" daemon [_thread_blocked, id=31416, stack(0x0000005e14300000,0x0000005e14400000)]
  0x0000023e118a9800 JavaThread "Sweeper thread" daemon [_thread_blocked, id=17008, stack(0x0000005e14400000,0x0000005e14500000)]
  0x0000023e7fed1000 JavaThread "Common-Cleaner" daemon [_thread_blocked, id=13628, stack(0x0000005e14500000,0x0000005e14600000)]
  0x0000023e11b3c800 JavaThread "Monitor Ctrl-Break" daemon [_thread_in_native, id=5928, stack(0x0000005e14600000,0x0000005e14700000)]
  0x0000023e11b37000 JavaThread "Service Thread" daemon [_thread_blocked, id=19452, stack(0x0000005e14700000,0x0000005e14800000)]

Other Threads:
  0x0000023e7fee8800 VMThread "VM Thread" [stack: 0x0000005e13d00000,0x0000005e13e00000] [id=17520]
  0x0000023e11b38800 WatcherThread [stack: 0x0000005e14800000,0x0000005e14900000] [id=26636]
  0x0000023e6d30c800 GCTaskThread "GC Thread#0" [stack: 0x0000005e13800000,0x0000005e13900000] [id=21704]
  0x0000023e6d32e000 ConcurrentGCThread "G1 Main Marker" [stack: 0x0000005e13900000,0x0000005e13a00000] [id=12636]
  0x0000023e6d330000 ConcurrentGCThread "G1 Conc#0" [stack: 0x0000005e13a00000,0x0000005e13b00000] [id=2364]
  0x0000023e7fde4000 ConcurrentGCThread "G1 Refine#0" [stack: 0x0000005e13b00000,0x0000005e13c00000] [id=26516]
  0x0000023e7fde7000 ConcurrentGCThread "G1 Young RemSet Sampling" [stack: 0x0000005e13c00000,0x0000005e13d00000] [id=18752]

Threads with active compile tasks:

VM state:not at safepoint (normal execution)

VM Mutex/Monitor currently owned by a thread: None

Heap address: 0x0000000700c00000, size: 4084 MB, Compressed Oops mode: Zero based, Oop shift amount: 3
Narrow klass base: 0x0000000800000000, Narrow klass shift: 3
Compressed class space size: 1073741824 Address: 0x0000000800b40000

Heap:
 garbage-first heap   total 262144K, used 6144K [0x0000000700c00000, 0x0000000800000000)
  region size 1024K, 7 young (7168K), 0 survivors (0K)
 Metaspace       used 2735K, capacity 5799K, committed 5888K, reserved 1056768K
  class space    used 217K, capacity 510K, committed 512K, reserved 1048576K
Heap Regions: E=young(eden), S=young(survivor), O=old, HS=humongous(starts), HC=humongous(continues), CS=collection set, F=free, A=archive, TAMS=top-at-mark-start (previous, next)
|   0|0x0000000700c00000, 0x0000000700c00000, 0x0000000700d00000|  0%| F|  |TAMS 0x0000000700c00000, 0x0000000700c00000| Untracked 
|   1|0x0000000700d00000, 0x0000000700d00000, 0x0000000700e00000|  0%| F|  |TAMS 0x0000000700d00000, 0x0000000700d00000| Untracked 
|   2|0x0000000700e00000, 0x0000000700e00000, 0x0000000700f00000|  0%| F|  |TAMS 0x0000000700e00000, 0x0000000700e00000| Untracked 
|   3|0x0000000700f00000, 0x0000000700f00000, 0x0000000701000000|  0%| F|  |TAMS 0x0000000700f00000, 0x0000000700f00000| Untracked 
|   4|0x0000000701000000, 0x0000000701000000, 0x0000000701100000|  0%| F|  |TAMS 0x0000000701000000, 0x0000000701000000| Untracked 
|   5|0x0000000701100000, 0x0000000701100000, 0x0000000701200000|  0%| F|  |TAMS 0x0000000701100000, 0x0000000701100000| Untracked 
|   6|0x0000000701200000, 0x0000000701200000, 0x0000000701300000|  0%| F|  |TAMS 0x0000000701200000, 0x0000000701200000| Untracked 
|   7|0x0000000701300000, 0x0000000701300000, 0x0000000701400000|  0%| F|  |TAMS 0x0000000701300000, 0x0000000701300000| Untracked 
|   8|0x0000000701400000, 0x0000000701400000, 0x0000000701500000|  0%| F|  |TAMS 0x0000000701400000, 0x0000000701400000| Untracked 
|   9|0x0000000701500000, 0x0000000701500000, 0x0000000701600000|  0%| F|  |TAMS 0x0000000701500000, 0x0000000701500000| Untracked 
|  10|0x0000000701600000, 0x0000000701600000, 0x0000000701700000|  0%| F|  |TAMS 0x0000000701600000, 0x0000000701600000| Untracked 
|  11|0x0000000701700000, 0x0000000701700000, 0x0000000701800000|  0%| F|  |TAMS 0x0000000701700000, 0x0000000701700000| Untracked 
|  12|0x0000000701800000, 0x0000000701800000, 0x0000000701900000|  0%| F|  |TAMS 0x0000000701800000, 0x0000000701800000| Untracked 
|  13|0x0000000701900000, 0x0000000701900000, 0x0000000701a00000|  0%| F|  |TAMS 0x0000000701900000, 0x0000000701900000| Untracked 
|  14|0x0000000701a00000, 0x0000000701a00000, 0x0000000701b00000|  0%| F|  |TAMS 0x0000000701a00000, 0x0000000701a00000| Untracked 
|  15|0x0000000701b00000, 0x0000000701b00000, 0x0000000701c00000|  0%| F|  |TAMS 0x0000000701b00000, 0x0000000701b00000| Untracked 
|  16|0x0000000701c00000, 0x0000000701c00000, 0x0000000701d00000|  0%| F|  |TAMS 0x0000000701c00000, 0x0000000701c00000| Untracked 
|  17|0x0000000701d00000, 0x0000000701d00000, 0x0000000701e00000|  0%| F|  |TAMS 0x0000000701d00000, 0x0000000701d00000| Untracked 
|  18|0x0000000701e00000, 0x0000000701e00000, 0x0000000701f00000|  0%| F|  |TAMS 0x0000000701e00000, 0x0000000701e00000| Untracked 
|  19|0x0000000701f00000, 0x0000000701f00000, 0x0000000702000000|  0%| F|  |TAMS 0x0000000701f00000, 0x0000000701f00000| Untracked 
|  20|0x0000000702000000, 0x0000000702000000, 0x0000000702100000|  0%| F|  |TAMS 0x0000000702000000, 0x0000000702000000| Untracked 
|  21|0x0000000702100000, 0x0000000702100000, 0x0000000702200000|  0%| F|  |TAMS 0x0000000702100000, 0x0000000702100000| Untracked 
|  22|0x0000000702200000, 0x0000000702200000, 0x0000000702300000|  0%| F|  |TAMS 0x0000000702200000, 0x0000000702200000| Untracked 
|  23|0x0000000702300000, 0x0000000702300000, 0x0000000702400000|  0%| F|  |TAMS 0x0000000702300000, 0x0000000702300000| Untracked 
|  24|0x0000000702400000, 0x0000000702400000, 0x0000000702500000|  0%| F|  |TAMS 0x0000000702400000, 0x0000000702400000| Untracked 
|  25|0x0000000702500000, 0x0000000702500000, 0x0000000702600000|  0%| F|  |TAMS 0x0000000702500000, 0x0000000702500000| Untracked 
|  26|0x0000000702600000, 0x0000000702600000, 0x0000000702700000|  0%| F|  |TAMS 0x0000000702600000, 0x0000000702600000| Untracked 
|  27|0x0000000702700000, 0x0000000702700000, 0x0000000702800000|  0%| F|  |TAMS 0x0000000702700000, 0x0000000702700000| Untracked 
|  28|0x0000000702800000, 0x0000000702800000, 0x0000000702900000|  0%| F|  |TAMS 0x0000000702800000, 0x0000000702800000| Untracked 
|  29|0x0000000702900000, 0x0000000702900000, 0x0000000702a00000|  0%| F|  |TAMS 0x0000000702900000, 0x0000000702900000| Untracked 
|  30|0x0000000702a00000, 0x0000000702a00000, 0x0000000702b00000|  0%| F|  |TAMS 0x0000000702a00000, 0x0000000702a00000| Untracked 
|  31|0x0000000702b00000, 0x0000000702b00000, 0x0000000702c00000|  0%| F|  |TAMS 0x0000000702b00000, 0x0000000702b00000| Untracked 
|  32|0x0000000702c00000, 0x0000000702c00000, 0x0000000702d00000|  0%| F|  |TAMS 0x0000000702c00000, 0x0000000702c00000| Untracked 
|  33|0x0000000702d00000, 0x0000000702d00000, 0x0000000702e00000|  0%| F|  |TAMS 0x0000000702d00000, 0x0000000702d00000| Untracked 
|  34|0x0000000702e00000, 0x0000000702e00000, 0x0000000702f00000|  0%| F|  |TAMS 0x0000000702e00000, 0x0000000702e00000| Untracked 
|  35|0x0000000702f00000, 0x0000000702f00000, 0x0000000703000000|  0%| F|  |TAMS 0x0000000702f00000, 0x0000000702f00000| Untracked 
|  36|0x0000000703000000, 0x0000000703000000, 0x0000000703100000|  0%| F|  |TAMS 0x0000000703000000, 0x0000000703000000| Untracked 
|  37|0x0000000703100000, 0x0000000703100000, 0x0000000703200000|  0%| F|  |TAMS 0x0000000703100000, 0x0000000703100000| Untracked 
|  38|0x0000000703200000, 0x0000000703200000, 0x0000000703300000|  0%| F|  |TAMS 0x0000000703200000, 0x0000000703200000| Untracked 
|  39|0x0000000703300000, 0x0000000703300000, 0x0000000703400000|  0%| F|  |TAMS 0x0000000703300000, 0x0000000703300000| Untracked 
|  40|0x0000000703400000, 0x0000000703400000, 0x0000000703500000|  0%| F|  |TAMS 0x0000000703400000, 0x0000000703400000| Untracked 
|  41|0x0000000703500000, 0x0000000703500000, 0x0000000703600000|  0%| F|  |TAMS 0x0000000703500000, 0x0000000703500000| Untracked 
|  42|0x0000000703600000, 0x0000000703600000, 0x0000000703700000|  0%| F|  |TAMS 0x0000000703600000, 0x0000000703600000| Untracked 
|  43|0x0000000703700000, 0x0000000703700000, 0x0000000703800000|  0%| F|  |TAMS 0x0000000703700000, 0x0000000703700000| Untracked 
|  44|0x0000000703800000, 0x0000000703800000, 0x0000000703900000|  0%| F|  |TAMS 0x0000000703800000, 0x0000000703800000| Untracked 
|  45|0x0000000703900000, 0x0000000703900000, 0x0000000703a00000|  0%| F|  |TAMS 0x0000000703900000, 0x0000000703900000| Untracked 
|  46|0x0000000703a00000, 0x0000000703a00000, 0x0000000703b00000|  0%| F|  |TAMS 0x0000000703a00000, 0x0000000703a00000| Untracked 
|  47|0x0000000703b00000, 0x0000000703b00000, 0x0000000703c00000|  0%| F|  |TAMS 0x0000000703b00000, 0x0000000703b00000| Untracked 
|  48|0x0000000703c00000, 0x0000000703c00000, 0x0000000703d00000|  0%| F|  |TAMS 0x0000000703c00000, 0x0000000703c00000| Untracked 
|  49|0x0000000703d00000, 0x0000000703d00000, 0x0000000703e00000|  0%| F|  |TAMS 0x0000000703d00000, 0x0000000703d00000| Untracked 
|  50|0x0000000703e00000, 0x0000000703e00000, 0x0000000703f00000|  0%| F|  |TAMS 0x0000000703e00000, 0x0000000703e00000| Untracked 
|  51|0x0000000703f00000, 0x0000000703f00000, 0x0000000704000000|  0%| F|  |TAMS 0x0000000703f00000, 0x0000000703f00000| Untracked 
|  52|0x0000000704000000, 0x0000000704000000, 0x0000000704100000|  0%| F|  |TAMS 0x0000000704000000, 0x0000000704000000| Untracked 
|  53|0x0000000704100000, 0x0000000704100000, 0x0000000704200000|  0%| F|  |TAMS 0x0000000704100000, 0x0000000704100000| Untracked 
|  54|0x0000000704200000, 0x0000000704200000, 0x0000000704300000|  0%| F|  |TAMS 0x0000000704200000, 0x0000000704200000| Untracked 
|  55|0x0000000704300000, 0x0000000704300000, 0x0000000704400000|  0%| F|  |TAMS 0x0000000704300000, 0x0000000704300000| Untracked 
|  56|0x0000000704400000, 0x0000000704400000, 0x0000000704500000|  0%| F|  |TAMS 0x0000000704400000, 0x0000000704400000| Untracked 
|  57|0x0000000704500000, 0x0000000704500000, 0x0000000704600000|  0%| F|  |TAMS 0x0000000704500000, 0x0000000704500000| Untracked 
|  58|0x0000000704600000, 0x0000000704600000, 0x0000000704700000|  0%| F|  |TAMS 0x0000000704600000, 0x0000000704600000| Untracked 
|  59|0x0000000704700000, 0x0000000704700000, 0x0000000704800000|  0%| F|  |TAMS 0x0000000704700000, 0x0000000704700000| Untracked 
|  60|0x0000000704800000, 0x0000000704800000, 0x0000000704900000|  0%| F|  |TAMS 0x0000000704800000, 0x0000000704800000| Untracked 
|  61|0x0000000704900000, 0x0000000704900000, 0x0000000704a00000|  0%| F|  |TAMS 0x0000000704900000, 0x0000000704900000| Untracked 
|  62|0x0000000704a00000, 0x0000000704a00000, 0x0000000704b00000|  0%| F|  |TAMS 0x0000000704a00000, 0x0000000704a00000| Untracked 
|  63|0x0000000704b00000, 0x0000000704b00000, 0x0000000704c00000|  0%| F|  |TAMS 0x0000000704b00000, 0x0000000704b00000| Untracked 
|  64|0x0000000704c00000, 0x0000000704c00000, 0x0000000704d00000|  0%| F|  |TAMS 0x0000000704c00000, 0x0000000704c00000| Untracked 
|  65|0x0000000704d00000, 0x0000000704d00000, 0x0000000704e00000|  0%| F|  |TAMS 0x0000000704d00000, 0x0000000704d00000| Untracked 
|  66|0x0000000704e00000, 0x0000000704e00000, 0x0000000704f00000|  0%| F|  |TAMS 0x0000000704e00000, 0x0000000704e00000| Untracked 
|  67|0x0000000704f00000, 0x0000000704f00000, 0x0000000705000000|  0%| F|  |TAMS 0x0000000704f00000, 0x0000000704f00000| Untracked 
|  68|0x0000000705000000, 0x0000000705000000, 0x0000000705100000|  0%| F|  |TAMS 0x0000000705000000, 0x0000000705000000| Untracked 
|  69|0x0000000705100000, 0x0000000705100000, 0x0000000705200000|  0%| F|  |TAMS 0x0000000705100000, 0x0000000705100000| Untracked 
|  70|0x0000000705200000, 0x0000000705200000, 0x0000000705300000|  0%| F|  |TAMS 0x0000000705200000, 0x0000000705200000| Untracked 
|  71|0x0000000705300000, 0x0000000705300000, 0x0000000705400000|  0%| F|  |TAMS 0x0000000705300000, 0x0000000705300000| Untracked 
|  72|0x0000000705400000, 0x0000000705400000, 0x0000000705500000|  0%| F|  |TAMS 0x0000000705400000, 0x0000000705400000| Untracked 
|  73|0x0000000705500000, 0x0000000705500000, 0x0000000705600000|  0%| F|  |TAMS 0x0000000705500000, 0x0000000705500000| Untracked 
|  74|0x0000000705600000, 0x0000000705600000, 0x0000000705700000|  0%| F|  |TAMS 0x0000000705600000, 0x0000000705600000| Untracked 
|  75|0x0000000705700000, 0x0000000705700000, 0x0000000705800000|  0%| F|  |TAMS 0x0000000705700000, 0x0000000705700000| Untracked 
|  76|0x0000000705800000, 0x0000000705800000, 0x0000000705900000|  0%| F|  |TAMS 0x0000000705800000, 0x0000000705800000| Untracked 
|  77|0x0000000705900000, 0x0000000705900000, 0x0000000705a00000|  0%| F|  |TAMS 0x0000000705900000, 0x0000000705900000| Untracked 
|  78|0x0000000705a00000, 0x0000000705a00000, 0x0000000705b00000|  0%| F|  |TAMS 0x0000000705a00000, 0x0000000705a00000| Untracked 
|  79|0x0000000705b00000, 0x0000000705b00000, 0x0000000705c00000|  0%| F|  |TAMS 0x0000000705b00000, 0x0000000705b00000| Untracked 
|  80|0x0000000705c00000, 0x0000000705c00000, 0x0000000705d00000|  0%| F|  |TAMS 0x0000000705c00000, 0x0000000705c00000| Untracked 
|  81|0x0000000705d00000, 0x0000000705d00000, 0x0000000705e00000|  0%| F|  |TAMS 0x0000000705d00000, 0x0000000705d00000| Untracked 
|  82|0x0000000705e00000, 0x0000000705e00000, 0x0000000705f00000|  0%| F|  |TAMS 0x0000000705e00000, 0x0000000705e00000| Untracked 
|  83|0x0000000705f00000, 0x0000000705f00000, 0x0000000706000000|  0%| F|  |TAMS 0x0000000705f00000, 0x0000000705f00000| Untracked 
|  84|0x0000000706000000, 0x0000000706000000, 0x0000000706100000|  0%| F|  |TAMS 0x0000000706000000, 0x0000000706000000| Untracked 
|  85|0x0000000706100000, 0x0000000706100000, 0x0000000706200000|  0%| F|  |TAMS 0x0000000706100000, 0x0000000706100000| Untracked 
|  86|0x0000000706200000, 0x0000000706200000, 0x0000000706300000|  0%| F|  |TAMS 0x0000000706200000, 0x0000000706200000| Untracked 
|  87|0x0000000706300000, 0x0000000706300000, 0x0000000706400000|  0%| F|  |TAMS 0x0000000706300000, 0x0000000706300000| Untracked 
|  88|0x0000000706400000, 0x0000000706400000, 0x0000000706500000|  0%| F|  |TAMS 0x0000000706400000, 0x0000000706400000| Untracked 
|  89|0x0000000706500000, 0x0000000706500000, 0x0000000706600000|  0%| F|  |TAMS 0x0000000706500000, 0x0000000706500000| Untracked 
|  90|0x0000000706600000, 0x0000000706600000, 0x0000000706700000|  0%| F|  |TAMS 0x0000000706600000, 0x0000000706600000| Untracked 
|  91|0x0000000706700000, 0x0000000706700000, 0x0000000706800000|  0%| F|  |TAMS 0x0000000706700000, 0x0000000706700000| Untracked 
|  92|0x0000000706800000, 0x0000000706800000, 0x0000000706900000|  0%| F|  |TAMS 0x0000000706800000, 0x0000000706800000| Untracked 
|  93|0x0000000706900000, 0x0000000706900000, 0x0000000706a00000|  0%| F|  |TAMS 0x0000000706900000, 0x0000000706900000| Untracked 
|  94|0x0000000706a00000, 0x0000000706a00000, 0x0000000706b00000|  0%| F|  |TAMS 0x0000000706a00000, 0x0000000706a00000| Untracked 
|  95|0x0000000706b00000, 0x0000000706b00000, 0x0000000706c00000|  0%| F|  |TAMS 0x0000000706b00000, 0x0000000706b00000| Untracked 
|  96|0x0000000706c00000, 0x0000000706c00000, 0x0000000706d00000|  0%| F|  |TAMS 0x0000000706c00000, 0x0000000706c00000| Untracked 
|  97|0x0000000706d00000, 0x0000000706d00000, 0x0000000706e00000|  0%| F|  |TAMS 0x0000000706d00000, 0x0000000706d00000| Untracked 
|  98|0x0000000706e00000, 0x0000000706e00000, 0x0000000706f00000|  0%| F|  |TAMS 0x0000000706e00000, 0x0000000706e00000| Untracked 
|  99|0x0000000706f00000, 0x0000000706f00000, 0x0000000707000000|  0%| F|  |TAMS 0x0000000706f00000, 0x0000000706f00000| Untracked 
| 100|0x0000000707000000, 0x0000000707000000, 0x0000000707100000|  0%| F|  |TAMS 0x0000000707000000, 0x0000000707000000| Untracked 
| 101|0x0000000707100000, 0x0000000707100000, 0x0000000707200000|  0%| F|  |TAMS 0x0000000707100000, 0x0000000707100000| Untracked 
| 102|0x0000000707200000, 0x0000000707200000, 0x0000000707300000|  0%| F|  |TAMS 0x0000000707200000, 0x0000000707200000| Untracked 
| 103|0x0000000707300000, 0x0000000707300000, 0x0000000707400000|  0%| F|  |TAMS 0x0000000707300000, 0x0000000707300000| Untracked 
| 104|0x0000000707400000, 0x0000000707400000, 0x0000000707500000|  0%| F|  |TAMS 0x0000000707400000, 0x0000000707400000| Untracked 
| 105|0x0000000707500000, 0x0000000707500000, 0x0000000707600000|  0%| F|  |TAMS 0x0000000707500000, 0x0000000707500000| Untracked 
| 106|0x0000000707600000, 0x0000000707600000, 0x0000000707700000|  0%| F|  |TAMS 0x0000000707600000, 0x0000000707600000| Untracked 
| 107|0x0000000707700000, 0x0000000707700000, 0x0000000707800000|  0%| F|  |TAMS 0x0000000707700000, 0x0000000707700000| Untracked 
| 108|0x0000000707800000, 0x0000000707800000, 0x0000000707900000|  0%| F|  |TAMS 0x0000000707800000, 0x0000000707800000| Untracked 
| 109|0x0000000707900000, 0x0000000707900000, 0x0000000707a00000|  0%| F|  |TAMS 0x0000000707900000, 0x0000000707900000| Untracked 
| 110|0x0000000707a00000, 0x0000000707a00000, 0x0000000707b00000|  0%| F|  |TAMS 0x0000000707a00000, 0x0000000707a00000| Untracked 
| 111|0x0000000707b00000, 0x0000000707b00000, 0x0000000707c00000|  0%| F|  |TAMS 0x0000000707b00000, 0x0000000707b00000| Untracked 
| 112|0x0000000707c00000, 0x0000000707c00000, 0x0000000707d00000|  0%| F|  |TAMS 0x0000000707c00000, 0x0000000707c00000| Untracked 
| 113|0x0000000707d00000, 0x0000000707d00000, 0x0000000707e00000|  0%| F|  |TAMS 0x0000000707d00000, 0x0000000707d00000| Untracked 
| 114|0x0000000707e00000, 0x0000000707e00000, 0x0000000707f00000|  0%| F|  |TAMS 0x0000000707e00000, 0x0000000707e00000| Untracked 
| 115|0x0000000707f00000, 0x0000000707f00000, 0x0000000708000000|  0%| F|  |TAMS 0x0000000707f00000, 0x0000000707f00000| Untracked 
| 116|0x0000000708000000, 0x0000000708000000, 0x0000000708100000|  0%| F|  |TAMS 0x0000000708000000, 0x0000000708000000| Untracked 
| 117|0x0000000708100000, 0x0000000708100000, 0x0000000708200000|  0%| F|  |TAMS 0x0000000708100000, 0x0000000708100000| Untracked 
| 118|0x0000000708200000, 0x0000000708200000, 0x0000000708300000|  0%| F|  |TAMS 0x0000000708200000, 0x0000000708200000| Untracked 
| 119|0x0000000708300000, 0x0000000708300000, 0x0000000708400000|  0%| F|  |TAMS 0x0000000708300000, 0x0000000708300000| Untracked 
| 120|0x0000000708400000, 0x0000000708400000, 0x0000000708500000|  0%| F|  |TAMS 0x0000000708400000, 0x0000000708400000| Untracked 
| 121|0x0000000708500000, 0x0000000708500000, 0x0000000708600000|  0%| F|  |TAMS 0x0000000708500000, 0x0000000708500000| Untracked 
| 122|0x0000000708600000, 0x0000000708600000, 0x0000000708700000|  0%| F|  |TAMS 0x0000000708600000, 0x0000000708600000| Untracked 
| 123|0x0000000708700000, 0x0000000708700000, 0x0000000708800000|  0%| F|  |TAMS 0x0000000708700000, 0x0000000708700000| Untracked 
| 124|0x0000000708800000, 0x0000000708800000, 0x0000000708900000|  0%| F|  |TAMS 0x0000000708800000, 0x0000000708800000| Untracked 
| 125|0x0000000708900000, 0x0000000708900000, 0x0000000708a00000|  0%| F|  |TAMS 0x0000000708900000, 0x0000000708900000| Untracked 
| 126|0x0000000708a00000, 0x0000000708a00000, 0x0000000708b00000|  0%| F|  |TAMS 0x0000000708a00000, 0x0000000708a00000| Untracked 
| 127|0x0000000708b00000, 0x0000000708b00000, 0x0000000708c00000|  0%| F|  |TAMS 0x0000000708b00000, 0x0000000708b00000| Untracked 
| 128|0x0000000708c00000, 0x0000000708c00000, 0x0000000708d00000|  0%| F|  |TAMS 0x0000000708c00000, 0x0000000708c00000| Untracked 
| 129|0x0000000708d00000, 0x0000000708d00000, 0x0000000708e00000|  0%| F|  |TAMS 0x0000000708d00000, 0x0000000708d00000| Untracked 
| 130|0x0000000708e00000, 0x0000000708e00000, 0x0000000708f00000|  0%| F|  |TAMS 0x0000000708e00000, 0x0000000708e00000| Untracked 
| 131|0x0000000708f00000, 0x0000000708f00000, 0x0000000709000000|  0%| F|  |TAMS 0x0000000708f00000, 0x0000000708f00000| Untracked 
| 132|0x0000000709000000, 0x0000000709000000, 0x0000000709100000|  0%| F|  |TAMS 0x0000000709000000, 0x0000000709000000| Untracked 
| 133|0x0000000709100000, 0x0000000709100000, 0x0000000709200000|  0%| F|  |TAMS 0x0000000709100000, 0x0000000709100000| Untracked 
| 134|0x0000000709200000, 0x0000000709200000, 0x0000000709300000|  0%| F|  |TAMS 0x0000000709200000, 0x0000000709200000| Untracked 
| 135|0x0000000709300000, 0x0000000709300000, 0x0000000709400000|  0%| F|  |TAMS 0x0000000709300000, 0x0000000709300000| Untracked 
| 136|0x0000000709400000, 0x0000000709400000, 0x0000000709500000|  0%| F|  |TAMS 0x0000000709400000, 0x0000000709400000| Untracked 
| 137|0x0000000709500000, 0x0000000709500000, 0x0000000709600000|  0%| F|  |TAMS 0x0000000709500000, 0x0000000709500000| Untracked 
| 138|0x0000000709600000, 0x0000000709600000, 0x0000000709700000|  0%| F|  |TAMS 0x0000000709600000, 0x0000000709600000| Untracked 
| 139|0x0000000709700000, 0x0000000709700000, 0x0000000709800000|  0%| F|  |TAMS 0x0000000709700000, 0x0000000709700000| Untracked 
| 140|0x0000000709800000, 0x0000000709800000, 0x0000000709900000|  0%| F|  |TAMS 0x0000000709800000, 0x0000000709800000| Untracked 
| 141|0x0000000709900000, 0x0000000709900000, 0x0000000709a00000|  0%| F|  |TAMS 0x0000000709900000, 0x0000000709900000| Untracked 
| 142|0x0000000709a00000, 0x0000000709a00000, 0x0000000709b00000|  0%| F|  |TAMS 0x0000000709a00000, 0x0000000709a00000| Untracked 
| 143|0x0000000709b00000, 0x0000000709b00000, 0x0000000709c00000|  0%| F|  |TAMS 0x0000000709b00000, 0x0000000709b00000| Untracked 
| 144|0x0000000709c00000, 0x0000000709c00000, 0x0000000709d00000|  0%| F|  |TAMS 0x0000000709c00000, 0x0000000709c00000| Untracked 
| 145|0x0000000709d00000, 0x0000000709d00000, 0x0000000709e00000|  0%| F|  |TAMS 0x0000000709d00000, 0x0000000709d00000| Untracked 
| 146|0x0000000709e00000, 0x0000000709e00000, 0x0000000709f00000|  0%| F|  |TAMS 0x0000000709e00000, 0x0000000709e00000| Untracked 
| 147|0x0000000709f00000, 0x0000000709f00000, 0x000000070a000000|  0%| F|  |TAMS 0x0000000709f00000, 0x0000000709f00000| Untracked 
| 148|0x000000070a000000, 0x000000070a000000, 0x000000070a100000|  0%| F|  |TAMS 0x000000070a000000, 0x000000070a000000| Untracked 
| 149|0x000000070a100000, 0x000000070a100000, 0x000000070a200000|  0%| F|  |TAMS 0x000000070a100000, 0x000000070a100000| Untracked 
| 150|0x000000070a200000, 0x000000070a200000, 0x000000070a300000|  0%| F|  |TAMS 0x000000070a200000, 0x000000070a200000| Untracked 
| 151|0x000000070a300000, 0x000000070a300000, 0x000000070a400000|  0%| F|  |TAMS 0x000000070a300000, 0x000000070a300000| Untracked 
| 152|0x000000070a400000, 0x000000070a400000, 0x000000070a500000|  0%| F|  |TAMS 0x000000070a400000, 0x000000070a400000| Untracked 
| 153|0x000000070a500000, 0x000000070a500000, 0x000000070a600000|  0%| F|  |TAMS 0x000000070a500000, 0x000000070a500000| Untracked 
| 154|0x000000070a600000, 0x000000070a600000, 0x000000070a700000|  0%| F|  |TAMS 0x000000070a600000, 0x000000070a600000| Untracked 
| 155|0x000000070a700000, 0x000000070a700000, 0x000000070a800000|  0%| F|  |TAMS 0x000000070a700000, 0x000000070a700000| Untracked 
| 156|0x000000070a800000, 0x000000070a800000, 0x000000070a900000|  0%| F|  |TAMS 0x000000070a800000, 0x000000070a800000| Untracked 
| 157|0x000000070a900000, 0x000000070a900000, 0x000000070aa00000|  0%| F|  |TAMS 0x000000070a900000, 0x000000070a900000| Untracked 
| 158|0x000000070aa00000, 0x000000070aa00000, 0x000000070ab00000|  0%| F|  |TAMS 0x000000070aa00000, 0x000000070aa00000| Untracked 
| 159|0x000000070ab00000, 0x000000070ab00000, 0x000000070ac00000|  0%| F|  |TAMS 0x000000070ab00000, 0x000000070ab00000| Untracked 
| 160|0x000000070ac00000, 0x000000070ac00000, 0x000000070ad00000|  0%| F|  |TAMS 0x000000070ac00000, 0x000000070ac00000| Untracked 
| 161|0x000000070ad00000, 0x000000070ad00000, 0x000000070ae00000|  0%| F|  |TAMS 0x000000070ad00000, 0x000000070ad00000| Untracked 
| 162|0x000000070ae00000, 0x000000070ae00000, 0x000000070af00000|  0%| F|  |TAMS 0x000000070ae00000, 0x000000070ae00000| Untracked 
| 163|0x000000070af00000, 0x000000070af00000, 0x000000070b000000|  0%| F|  |TAMS 0x000000070af00000, 0x000000070af00000| Untracked 
| 164|0x000000070b000000, 0x000000070b000000, 0x000000070b100000|  0%| F|  |TAMS 0x000000070b000000, 0x000000070b000000| Untracked 
| 165|0x000000070b100000, 0x000000070b100000, 0x000000070b200000|  0%| F|  |TAMS 0x000000070b100000, 0x000000070b100000| Untracked 
| 166|0x000000070b200000, 0x000000070b200000, 0x000000070b300000|  0%| F|  |TAMS 0x000000070b200000, 0x000000070b200000| Untracked 
| 167|0x000000070b300000, 0x000000070b300000, 0x000000070b400000|  0%| F|  |TAMS 0x000000070b300000, 0x000000070b300000| Untracked 
| 168|0x000000070b400000, 0x000000070b400000, 0x000000070b500000|  0%| F|  |TAMS 0x000000070b400000, 0x000000070b400000| Untracked 
| 169|0x000000070b500000, 0x000000070b500000, 0x000000070b600000|  0%| F|  |TAMS 0x000000070b500000, 0x000000070b500000| Untracked 
| 170|0x000000070b600000, 0x000000070b600000, 0x000000070b700000|  0%| F|  |TAMS 0x000000070b600000, 0x000000070b600000| Untracked 
| 171|0x000000070b700000, 0x000000070b700000, 0x000000070b800000|  0%| F|  |TAMS 0x000000070b700000, 0x000000070b700000| Untracked 
| 172|0x000000070b800000, 0x000000070b800000, 0x000000070b900000|  0%| F|  |TAMS 0x000000070b800000, 0x000000070b800000| Untracked 
| 173|0x000000070b900000, 0x000000070b900000, 0x000000070ba00000|  0%| F|  |TAMS 0x000000070b900000, 0x000000070b900000| Untracked 
| 174|0x000000070ba00000, 0x000000070ba00000, 0x000000070bb00000|  0%| F|  |TAMS 0x000000070ba00000, 0x000000070ba00000| Untracked 
| 175|0x000000070bb00000, 0x000000070bb00000, 0x000000070bc00000|  0%| F|  |TAMS 0x000000070bb00000, 0x000000070bb00000| Untracked 
| 176|0x000000070bc00000, 0x000000070bc00000, 0x000000070bd00000|  0%| F|  |TAMS 0x000000070bc00000, 0x000000070bc00000| Untracked 
| 177|0x000000070bd00000, 0x000000070bd00000, 0x000000070be00000|  0%| F|  |TAMS 0x000000070bd00000, 0x000000070bd00000| Untracked 
| 178|0x000000070be00000, 0x000000070be00000, 0x000000070bf00000|  0%| F|  |TAMS 0x000000070be00000, 0x000000070be00000| Untracked 
| 179|0x000000070bf00000, 0x000000070bf00000, 0x000000070c000000|  0%| F|  |TAMS 0x000000070bf00000, 0x000000070bf00000| Untracked 
| 180|0x000000070c000000, 0x000000070c000000, 0x000000070c100000|  0%| F|  |TAMS 0x000000070c000000, 0x000000070c000000| Untracked 
| 181|0x000000070c100000, 0x000000070c100000, 0x000000070c200000|  0%| F|  |TAMS 0x000000070c100000, 0x000000070c100000| Untracked 
| 182|0x000000070c200000, 0x000000070c200000, 0x000000070c300000|  0%| F|  |TAMS 0x000000070c200000, 0x000000070c200000| Untracked 
| 183|0x000000070c300000, 0x000000070c300000, 0x000000070c400000|  0%| F|  |TAMS 0x000000070c300000, 0x000000070c300000| Untracked 
| 184|0x000000070c400000, 0x000000070c400000, 0x000000070c500000|  0%| F|  |TAMS 0x000000070c400000, 0x000000070c400000| Untracked 
| 185|0x000000070c500000, 0x000000070c500000, 0x000000070c600000|  0%| F|  |TAMS 0x000000070c500000, 0x000000070c500000| Untracked 
| 186|0x000000070c600000, 0x000000070c600000, 0x000000070c700000|  0%| F|  |TAMS 0x000000070c600000, 0x000000070c600000| Untracked 
| 187|0x000000070c700000, 0x000000070c700000, 0x000000070c800000|  0%| F|  |TAMS 0x000000070c700000, 0x000000070c700000| Untracked 
| 188|0x000000070c800000, 0x000000070c800000, 0x000000070c900000|  0%| F|  |TAMS 0x000000070c800000, 0x000000070c800000| Untracked 
| 189|0x000000070c900000, 0x000000070c900000, 0x000000070ca00000|  0%| F|  |TAMS 0x000000070c900000, 0x000000070c900000| Untracked 
| 190|0x000000070ca00000, 0x000000070ca00000, 0x000000070cb00000|  0%| F|  |TAMS 0x000000070ca00000, 0x000000070ca00000| Untracked 
| 191|0x000000070cb00000, 0x000000070cb00000, 0x000000070cc00000|  0%| F|  |TAMS 0x000000070cb00000, 0x000000070cb00000| Untracked 
| 192|0x000000070cc00000, 0x000000070cc00000, 0x000000070cd00000|  0%| F|  |TAMS 0x000000070cc00000, 0x000000070cc00000| Untracked 
| 193|0x000000070cd00000, 0x000000070cd00000, 0x000000070ce00000|  0%| F|  |TAMS 0x000000070cd00000, 0x000000070cd00000| Untracked 
| 194|0x000000070ce00000, 0x000000070ce00000, 0x000000070cf00000|  0%| F|  |TAMS 0x000000070ce00000, 0x000000070ce00000| Untracked 
| 195|0x000000070cf00000, 0x000000070cf00000, 0x000000070d000000|  0%| F|  |TAMS 0x000000070cf00000, 0x000000070cf00000| Untracked 
| 196|0x000000070d000000, 0x000000070d000000, 0x000000070d100000|  0%| F|  |TAMS 0x000000070d000000, 0x000000070d000000| Untracked 
| 197|0x000000070d100000, 0x000000070d100000, 0x000000070d200000|  0%| F|  |TAMS 0x000000070d100000, 0x000000070d100000| Untracked 
| 198|0x000000070d200000, 0x000000070d200000, 0x000000070d300000|  0%| F|  |TAMS 0x000000070d200000, 0x000000070d200000| Untracked 
| 199|0x000000070d300000, 0x000000070d300000, 0x000000070d400000|  0%| F|  |TAMS 0x000000070d300000, 0x000000070d300000| Untracked 
| 200|0x000000070d400000, 0x000000070d400000, 0x000000070d500000|  0%| F|  |TAMS 0x000000070d400000, 0x000000070d400000| Untracked 
| 201|0x000000070d500000, 0x000000070d500000, 0x000000070d600000|  0%| F|  |TAMS 0x000000070d500000, 0x000000070d500000| Untracked 
| 202|0x000000070d600000, 0x000000070d600000, 0x000000070d700000|  0%| F|  |TAMS 0x000000070d600000, 0x000000070d600000| Untracked 
| 203|0x000000070d700000, 0x000000070d700000, 0x000000070d800000|  0%| F|  |TAMS 0x000000070d700000, 0x000000070d700000| Untracked 
| 204|0x000000070d800000, 0x000000070d800000, 0x000000070d900000|  0%| F|  |TAMS 0x000000070d800000, 0x000000070d800000| Untracked 
| 205|0x000000070d900000, 0x000000070d900000, 0x000000070da00000|  0%| F|  |TAMS 0x000000070d900000, 0x000000070d900000| Untracked 
| 206|0x000000070da00000, 0x000000070da00000, 0x000000070db00000|  0%| F|  |TAMS 0x000000070da00000, 0x000000070da00000| Untracked 
| 207|0x000000070db00000, 0x000000070db00000, 0x000000070dc00000|  0%| F|  |TAMS 0x000000070db00000, 0x000000070db00000| Untracked 
| 208|0x000000070dc00000, 0x000000070dc00000, 0x000000070dd00000|  0%| F|  |TAMS 0x000000070dc00000, 0x000000070dc00000| Untracked 
| 209|0x000000070dd00000, 0x000000070dd00000, 0x000000070de00000|  0%| F|  |TAMS 0x000000070dd00000, 0x000000070dd00000| Untracked 
| 210|0x000000070de00000, 0x000000070de00000, 0x000000070df00000|  0%| F|  |TAMS 0x000000070de00000, 0x000000070de00000| Untracked 
| 211|0x000000070df00000, 0x000000070df00000, 0x000000070e000000|  0%| F|  |TAMS 0x000000070df00000, 0x000000070df00000| Untracked 
| 212|0x000000070e000000, 0x000000070e000000, 0x000000070e100000|  0%| F|  |TAMS 0x000000070e000000, 0x000000070e000000| Untracked 
| 213|0x000000070e100000, 0x000000070e100000, 0x000000070e200000|  0%| F|  |TAMS 0x000000070e100000, 0x000000070e100000| Untracked 
| 214|0x000000070e200000, 0x000000070e200000, 0x000000070e300000|  0%| F|  |TAMS 0x000000070e200000, 0x000000070e200000| Untracked 
| 215|0x000000070e300000, 0x000000070e300000, 0x000000070e400000|  0%| F|  |TAMS 0x000000070e300000, 0x000000070e300000| Untracked 
| 216|0x000000070e400000, 0x000000070e400000, 0x000000070e500000|  0%| F|  |TAMS 0x000000070e400000, 0x000000070e400000| Untracked 
| 217|0x000000070e500000, 0x000000070e500000, 0x000000070e600000|  0%| F|  |TAMS 0x000000070e500000, 0x000000070e500000| Untracked 
| 218|0x000000070e600000, 0x000000070e600000, 0x000000070e700000|  0%| F|  |TAMS 0x000000070e600000, 0x000000070e600000| Untracked 
| 219|0x000000070e700000, 0x000000070e700000, 0x000000070e800000|  0%| F|  |TAMS 0x000000070e700000, 0x000000070e700000| Untracked 
| 220|0x000000070e800000, 0x000000070e800000, 0x000000070e900000|  0%| F|  |TAMS 0x000000070e800000, 0x000000070e800000| Untracked 
| 221|0x000000070e900000, 0x000000070e900000, 0x000000070ea00000|  0%| F|  |TAMS 0x000000070e900000, 0x000000070e900000| Untracked 
| 222|0x000000070ea00000, 0x000000070ea00000, 0x000000070eb00000|  0%| F|  |TAMS 0x000000070ea00000, 0x000000070ea00000| Untracked 
| 223|0x000000070eb00000, 0x000000070eb00000, 0x000000070ec00000|  0%| F|  |TAMS 0x000000070eb00000, 0x000000070eb00000| Untracked 
| 224|0x000000070ec00000, 0x000000070ec00000, 0x000000070ed00000|  0%| F|  |TAMS 0x000000070ec00000, 0x000000070ec00000| Untracked 
| 225|0x000000070ed00000, 0x000000070ed00000, 0x000000070ee00000|  0%| F|  |TAMS 0x000000070ed00000, 0x000000070ed00000| Untracked 
| 226|0x000000070ee00000, 0x000000070ee00000, 0x000000070ef00000|  0%| F|  |TAMS 0x000000070ee00000, 0x000000070ee00000| Untracked 
| 227|0x000000070ef00000, 0x000000070ef00000, 0x000000070f000000|  0%| F|  |TAMS 0x000000070ef00000, 0x000000070ef00000| Untracked 
| 228|0x000000070f000000, 0x000000070f000000, 0x000000070f100000|  0%| F|  |TAMS 0x000000070f000000, 0x000000070f000000| Untracked 
| 229|0x000000070f100000, 0x000000070f100000, 0x000000070f200000|  0%| F|  |TAMS 0x000000070f100000, 0x000000070f100000| Untracked 
| 230|0x000000070f200000, 0x000000070f200000, 0x000000070f300000|  0%| F|  |TAMS 0x000000070f200000, 0x000000070f200000| Untracked 
| 231|0x000000070f300000, 0x000000070f300000, 0x000000070f400000|  0%| F|  |TAMS 0x000000070f300000, 0x000000070f300000| Untracked 
| 232|0x000000070f400000, 0x000000070f400000, 0x000000070f500000|  0%| F|  |TAMS 0x000000070f400000, 0x000000070f400000| Untracked 
| 233|0x000000070f500000, 0x000000070f500000, 0x000000070f600000|  0%| F|  |TAMS 0x000000070f500000, 0x000000070f500000| Untracked 
| 234|0x000000070f600000, 0x000000070f600000, 0x000000070f700000|  0%| F|  |TAMS 0x000000070f600000, 0x000000070f600000| Untracked 
| 235|0x000000070f700000, 0x000000070f700000, 0x000000070f800000|  0%| F|  |TAMS 0x000000070f700000, 0x000000070f700000| Untracked 
| 236|0x000000070f800000, 0x000000070f800000, 0x000000070f900000|  0%| F|  |TAMS 0x000000070f800000, 0x000000070f800000| Untracked 
| 237|0x000000070f900000, 0x000000070f900000, 0x000000070fa00000|  0%| F|  |TAMS 0x000000070f900000, 0x000000070f900000| Untracked 
| 238|0x000000070fa00000, 0x000000070fa00000, 0x000000070fb00000|  0%| F|  |TAMS 0x000000070fa00000, 0x000000070fa00000| Untracked 
| 239|0x000000070fb00000, 0x000000070fb00000, 0x000000070fc00000|  0%| F|  |TAMS 0x000000070fb00000, 0x000000070fb00000| Untracked 
| 240|0x000000070fc00000, 0x000000070fc00000, 0x000000070fd00000|  0%| F|  |TAMS 0x000000070fc00000, 0x000000070fc00000| Untracked 
| 241|0x000000070fd00000, 0x000000070fd00000, 0x000000070fe00000|  0%| F|  |TAMS 0x000000070fd00000, 0x000000070fd00000| Untracked 
| 242|0x000000070fe00000, 0x000000070fe00000, 0x000000070ff00000|  0%| F|  |TAMS 0x000000070fe00000, 0x000000070fe00000| Untracked 
| 243|0x000000070ff00000, 0x000000070ff00000, 0x0000000710000000|  0%| F|  |TAMS 0x000000070ff00000, 0x000000070ff00000| Untracked 
| 244|0x0000000710000000, 0x0000000710000000, 0x0000000710100000|  0%| F|  |TAMS 0x0000000710000000, 0x0000000710000000| Untracked 
| 245|0x0000000710100000, 0x0000000710100000, 0x0000000710200000|  0%| F|  |TAMS 0x0000000710100000, 0x0000000710100000| Untracked 
| 246|0x0000000710200000, 0x0000000710200000, 0x0000000710300000|  0%| F|  |TAMS 0x0000000710200000, 0x0000000710200000| Untracked 
| 247|0x0000000710300000, 0x0000000710300000, 0x0000000710400000|  0%| F|  |TAMS 0x0000000710300000, 0x0000000710300000| Untracked 
| 248|0x0000000710400000, 0x0000000710400000, 0x0000000710500000|  0%| F|  |TAMS 0x0000000710400000, 0x0000000710400000| Untracked 
| 249|0x0000000710500000, 0x000000071057b648, 0x0000000710600000| 48%| E|  |TAMS 0x0000000710500000, 0x0000000710500000| Complete 
| 250|0x0000000710600000, 0x0000000710700000, 0x0000000710700000|100%| E|CS|TAMS 0x0000000710600000, 0x0000000710600000| Complete 
| 251|0x0000000710700000, 0x0000000710800000, 0x0000000710800000|100%| E|CS|TAMS 0x0000000710700000, 0x0000000710700000| Complete 
| 252|0x0000000710800000, 0x0000000710900000, 0x0000000710900000|100%| E|CS|TAMS 0x0000000710800000, 0x0000000710800000| Complete 
| 253|0x0000000710900000, 0x0000000710a00000, 0x0000000710a00000|100%| E|CS|TAMS 0x0000000710900000, 0x0000000710900000| Complete 
| 254|0x0000000710a00000, 0x0000000710b00000, 0x0000000710b00000|100%| E|CS|TAMS 0x0000000710a00000, 0x0000000710a00000| Complete 
| 255|0x0000000710b00000, 0x0000000710c00000, 0x0000000710c00000|100%| E|CS|TAMS 0x0000000710b00000, 0x0000000710b00000| Complete 

Card table byte_map: [0x0000023e763d0000,0x0000023e76bd0000] _byte_map_base: 0x0000023e72bca000

Marking Bits (Prev, Next): (CMBitMap*) 0x0000023e6d30d418, (CMBitMap*) 0x0000023e6d30d458
 Prev Bits: [0x0000023e773d0000, 0x0000023e7b3a0000)
 Next Bits: [0x0000023e7b3a0000, 0x0000023e7f370000)

Polling page: 0x0000023e6b1d0000

Metaspace:

Usage:
  Non-class:      5.17 MB capacity,     2.46 MB ( 48%) used,     2.70 MB ( 52%) free+waste,     6.56 KB ( <1%) overhead. 
      Class:    510.00 KB capacity,   217.18 KB ( 43%) used,   289.07 KB ( 57%) free+waste,     3.75 KB ( <1%) overhead. 
       Both:      5.66 MB capacity,     2.67 MB ( 47%) used,     2.98 MB ( 53%) free+waste,    10.31 KB ( <1%) overhead. 

Virtual space:
  Non-class space:        8.00 MB reserved,       5.25 MB ( 66%) committed 
      Class space:        1.00 GB reserved,     512.00 KB ( <1%) committed 
             Both:        1.01 GB reserved,       5.75 MB ( <1%) committed 

Chunk freelists:
   Non-Class:  23.00 KB
       Class:  2.00 KB
        Both:  25.00 KB

MaxMetaspaceSize: 17179869184.00 GB
CompressedClassSpaceSize: 1.00 GB

CodeHeap 'non-profiled nmethods': size=120000Kb used=162Kb max_used=162Kb free=119837Kb
 bounds [0x0000023e07ad0000, 0x0000023e07d40000, 0x0000023e0f000000]
CodeHeap 'profiled nmethods': size=120000Kb used=695Kb max_used=695Kb free=119304Kb
 bounds [0x0000023e005a0000, 0x0000023e00810000, 0x0000023e07ad0000]
CodeHeap 'non-nmethods': size=5760Kb used=1533Kb max_used=1546Kb free=4226Kb
 bounds [0x0000023e00000000, 0x0000023e00270000, 0x0000023e005a0000]
 total_blobs=1780 nmethods=506 adapters=805
 compilation: enabled
              stopped_count=0, restarted_count=0
 full_count=0

Compilation events (20 events):
Event: 0.356 Thread 0x0000023e118a0000 nmethod 497 0x0000023e00649c10 code [0x0000023e00649da0, 0x0000023e00649f18]
Event: 0.357 Thread 0x0000023e118a0000  498       1       org.lwjgl.system.Pointer$Default::address (5 bytes)
Event: 0.357 Thread 0x0000023e118a0000 nmethod 498 0x0000023e07af7a10 code [0x0000023e07af7ba0, 0x0000023e07af7cd8]
Event: 0.359 Thread 0x0000023e11892800 nmethod 491 0x0000023e07af7d90 code [0x0000023e07af7f40, 0x0000023e07af84c8]
Event: 0.393 Thread 0x0000023e118a0000  499   !   3       jdk.internal.loader.URLClassPath$JarLoader::getResource (65 bytes)
Event: 0.394 Thread 0x0000023e118a0000 nmethod 499 0x0000023e00649f90 code [0x0000023e0064a1e0, 0x0000023e0064acd0]
Event: 0.394 Thread 0x0000023e118a0000  500       3       java.lang.StringConcatHelper::newArray (26 bytes)
Event: 0.394 Thread 0x0000023e118a0000 nmethod 500 0x0000023e0064b010 code [0x0000023e0064b1c0, 0x0000023e0064b470]
Event: 0.394 Thread 0x0000023e118a0000  501       3       java.net.URL::isBuiltinStreamHandler (12 bytes)
Event: 0.394 Thread 0x0000023e118a0000 nmethod 501 0x0000023e0064b510 code [0x0000023e0064b700, 0x0000023e0064bae0]
Event: 0.394 Thread 0x0000023e118a0000  502       3       java.nio.DirectByteBuffer::<init> (53 bytes)
Event: 0.395 Thread 0x0000023e118a0000 nmethod 502 0x0000023e0064bc90 code [0x0000023e0064be80, 0x0000023e0064c430]
Event: 0.395 Thread 0x0000023e118a0000  503   !   3       jdk.internal.jimage.BasicImageReader::slice (32 bytes)
Event: 0.395 Thread 0x0000023e118a0000 nmethod 503 0x0000023e0064c610 code [0x0000023e0064c7e0, 0x0000023e0064cd50]
Event: 0.395 Thread 0x0000023e118a0000  504       3       java.nio.DirectByteBufferR::<init> (19 bytes)
Event: 0.395 Thread 0x0000023e118a0000 nmethod 504 0x0000023e0064cf10 code [0x0000023e0064d0c0, 0x0000023e0064d290]
Event: 0.395 Thread 0x0000023e118a0000  505       3       java.nio.DirectByteBufferR::slice (81 bytes)
Event: 0.395 Thread 0x0000023e118a0000 nmethod 505 0x0000023e0064d390 code [0x0000023e0064d560, 0x0000023e0064d8d0]
Event: 0.396 Thread 0x0000023e118a0000  506       3       jdk.internal.misc.VM::isModuleSystemInited (13 bytes)
Event: 0.396 Thread 0x0000023e118a0000 nmethod 506 0x0000023e0064da10 code [0x0000023e0064dbc0, 0x0000023e0064ddb8]

GC Heap History (0 events):
No events

Deoptimization events (20 events):
Event: 0.123 Thread 0x0000023e6d2a3000 Uncommon trap: trap_request=0xffffffde fr.pc=0x0000023e07ade268 relative=0x00000000000007e8
Event: 0.123 Thread 0x0000023e6d2a3000 Uncommon trap: reason=class_check action=maybe_recompile pc=0x0000023e07ade268 method=java.util.HashMap.putVal(ILjava/lang/Object;Ljava/lang/Object;ZZ)Ljava/lang/Object; @ 152 c2
Event: 0.123 Thread 0x0000023e6d2a3000 DEOPT PACKING pc=0x0000023e07ade268 sp=0x0000005e137fdf80
Event: 0.123 Thread 0x0000023e6d2a3000 DEOPT UNPACKING pc=0x0000023e0004912f sp=0x0000005e137fdf00 mode 2
Event: 0.147 Thread 0x0000023e6d2a3000 Uncommon trap: trap_request=0xffffff45 fr.pc=0x0000023e07adeea4 relative=0x0000000000000084
Event: 0.147 Thread 0x0000023e6d2a3000 Uncommon trap: reason=unstable_if action=reinterpret pc=0x0000023e07adeea4 method=java.lang.String.isLatin1()Z @ 10 c2
Event: 0.147 Thread 0x0000023e6d2a3000 DEOPT PACKING pc=0x0000023e07adeea4 sp=0x0000005e137feeb0
Event: 0.147 Thread 0x0000023e6d2a3000 DEOPT UNPACKING pc=0x0000023e0004912f sp=0x0000005e137fedf0 mode 2
Event: 0.227 Thread 0x0000023e6d2a3000 Uncommon trap: trap_request=0xffffff45 fr.pc=0x0000023e07ae46e4 relative=0x0000000000000044
Event: 0.227 Thread 0x0000023e6d2a3000 Uncommon trap: reason=unstable_if action=reinterpret pc=0x0000023e07ae46e4 method=java.lang.CharacterData.of(I)Ljava/lang/CharacterData; @ 4 c2
Event: 0.227 Thread 0x0000023e6d2a3000 DEOPT PACKING pc=0x0000023e07ae46e4 sp=0x0000005e137fcec0
Event: 0.227 Thread 0x0000023e6d2a3000 DEOPT UNPACKING pc=0x0000023e0004912f sp=0x0000005e137fce60 mode 2
Event: 0.232 Thread 0x0000023e6d2a3000 DEOPT PACKING pc=0x0000023e005fb7f4 sp=0x0000005e137fdf40
Event: 0.232 Thread 0x0000023e6d2a3000 DEOPT UNPACKING pc=0x0000023e0004964e sp=0x0000005e137fd398 mode 0
Event: 0.337 Thread 0x0000023e6d2a3000 DEOPT PACKING pc=0x0000023e0060c732 sp=0x0000005e137fdd10
Event: 0.337 Thread 0x0000023e6d2a3000 DEOPT UNPACKING pc=0x0000023e0004964e sp=0x0000005e137fd178 mode 0
Event: 0.346 Thread 0x0000023e6d2a3000 DEOPT PACKING pc=0x0000023e005e1150 sp=0x0000005e137f9a80
Event: 0.346 Thread 0x0000023e6d2a3000 DEOPT UNPACKING pc=0x0000023e0004964e sp=0x0000005e137f8f08 mode 0
Event: 0.348 Thread 0x0000023e6d2a3000 DEOPT PACKING pc=0x0000023e005e1150 sp=0x0000005e137f9a00
Event: 0.348 Thread 0x0000023e6d2a3000 DEOPT UNPACKING pc=0x0000023e0004964e sp=0x0000005e137f8e88 mode 0

Classes unloaded (0 events):
No events

Classes redefined (0 events):
No events

Internal exceptions (8 events):
Event: 0.177 Thread 0x0000023e6d2a3000 Exception <a 'java/lang/NoSuchMethodError'{0x00000007108a7f00}: 'void java.lang.invoke.DelegatingMethodHandle$Holder.delegate(java.lang.Object, java.lang.Object, int, java.lang.Object)'> (0x00000007108a7f00) 
thrown [t:/workspace/open/src/hotspot/share/interpreter/linkResolver.cpp, line 767]
Event: 0.178 Thread 0x0000023e6d2a3000 Exception <a 'java/lang/NoSuchMethodError'{0x00000007108aea08}: 'java.lang.Object java.lang.invoke.DirectMethodHandle$Holder.invokeStaticInit(java.lang.Object, java.lang.Object, java.lang.Object)'> (0x00000007108aea08) 
thrown [t:/workspace/open/src/hotspot/share/interpreter/linkResolver.cpp, line 767]
Event: 0.210 Thread 0x0000023e6d2a3000 Exception <a 'sun/nio/fs/WindowsException'{0x0000000710714790}> (0x0000000710714790) 
thrown [t:/workspace/open/src/hotspot/share/prims/jni.cpp, line 598]
Event: 0.210 Thread 0x0000023e6d2a3000 Exception <a 'sun/nio/fs/WindowsException'{0x0000000710714d08}> (0x0000000710714d08) 
thrown [t:/workspace/open/src/hotspot/share/prims/jni.cpp, line 598]
Event: 0.237 Thread 0x0000023e6d2a3000 Exception <a 'sun/nio/fs/WindowsException'{0x000000071078e7a0}> (0x000000071078e7a0) 
thrown [t:/workspace/open/src/hotspot/share/prims/jni.cpp, line 598]
Event: 0.237 Thread 0x0000023e6d2a3000 Exception <a 'sun/nio/fs/WindowsException'{0x000000071078eb30}> (0x000000071078eb30) 
thrown [t:/workspace/open/src/hotspot/share/prims/jni.cpp, line 598]
Event: 0.395 Thread 0x0000023e6d2a3000 Exception <a 'sun/nio/fs/WindowsException'{0x000000071056a5c8}> (0x000000071056a5c8) 
thrown [t:/workspace/open/src/hotspot/share/prims/jni.cpp, line 598]
Event: 0.395 Thread 0x0000023e6d2a3000 Exception <a 'sun/nio/fs/WindowsException'{0x000000071056a8c8}> (0x000000071056a8c8) 
thrown [t:/workspace/open/src/hotspot/share/prims/jni.cpp, line 598]

Events (20 events):
Event: 0.351 loading class org/lwjgl/vulkan/VkBufferMemoryBarrier$Buffer
Event: 0.351 loading class org/lwjgl/vulkan/VkBufferMemoryBarrier$Buffer done
Event: 0.352 loading class org/lwjgl/vulkan/VkImageMemoryBarrier$Buffer
Event: 0.352 loading class org/lwjgl/vulkan/VkImageMemoryBarrier$Buffer done
Event: 0.353 loading class org/lwjgl/vulkan/VkBindSparseInfo$Buffer
Event: 0.353 loading class org/lwjgl/vulkan/VkBindSparseInfo$Buffer done
Event: 0.355 loading class org/lwjgl/vulkan/VkInstanceCreateInfo
Event: 0.355 loading class org/lwjgl/vulkan/VkInstanceCreateInfo done
Event: 0.356 loading class org/lwjgl/glfw/GLFWVulkan
Event: 0.356 loading class org/lwjgl/glfw/GLFWVulkan done
Event: 0.356 loading class org/lwjgl/glfw/GLFWVulkan$Functions
Event: 0.356 loading class org/lwjgl/glfw/GLFWVulkan$Functions done
Event: 0.393 loading class org/lwjgl/vulkan/VK
Event: 0.393 loading class org/lwjgl/vulkan/VK done
Event: 0.394 loading class org/lwjgl/vulkan/VK$1
Event: 0.394 loading class org/lwjgl/vulkan/VK$1 done
Event: 0.396 loading class org/lwjgl/system/dyncall/DynLoad
Event: 0.396 loading class org/lwjgl/system/dyncall/DynLoad done
Event: 0.396 loading class org/lwjgl/vulkan/VK$GlobalCommands
Event: 0.396 loading class org/lwjgl/vulkan/VK$GlobalCommands done


Dynamic libraries:
0x00007ff7e1f60000 - 0x00007ff7e1f6d000 	C:\Program Files\Java\jdk-13\bin\java.exe
0x00007ffec7400000 - 0x00007ffec75f0000 	C:\WINDOWS\SYSTEM32\ntdll.dll
0x00007ffec5a10000 - 0x00007ffec5ac2000 	C:\WINDOWS\System32\KERNEL32.DLL
0x00007ffec4390000 - 0x00007ffec4633000 	C:\WINDOWS\System32\KERNELBASE.dll
0x00007ffec4a70000 - 0x00007ffec4b6a000 	C:\WINDOWS\System32\ucrtbase.dll
0x00007ffebe030000 - 0x00007ffebe048000 	C:\Program Files\Java\jdk-13\bin\jli.dll
0x00007ffec7220000 - 0x00007ffec73b4000 	C:\WINDOWS\System32\USER32.dll
0x00007ffebe460000 - 0x00007ffebe475000 	C:\Program Files\Java\jdk-13\bin\VCRUNTIME140.dll
0x00007ffec4a40000 - 0x00007ffec4a61000 	C:\WINDOWS\System32\win32u.dll
0x00007ffeb83e0000 - 0x00007ffeb8665000 	C:\WINDOWS\WinSxS\amd64_microsoft.windows.common-controls_6595b64144ccf1df_6.0.18362.592_none_e6c0b1911312be02\COMCTL32.dll
0x00007ffec6de0000 - 0x00007ffec6e06000 	C:\WINDOWS\System32\GDI32.dll
0x00007ffec6e10000 - 0x00007ffec6eae000 	C:\WINDOWS\System32\msvcrt.dll
0x00007ffec4640000 - 0x00007ffec47d4000 	C:\WINDOWS\System32\gdi32full.dll
0x00007ffec61c0000 - 0x00007ffec64f6000 	C:\WINDOWS\System32\combase.dll
0x00007ffec4c90000 - 0x00007ffec4d2e000 	C:\WINDOWS\System32\msvcp_win.dll
0x00007ffec5c20000 - 0x00007ffec5d40000 	C:\WINDOWS\System32\RPCRT4.dll
0x00007ffec4810000 - 0x00007ffec4890000 	C:\WINDOWS\System32\bcryptPrimitives.dll
0x00007ffec6620000 - 0x00007ffec664e000 	C:\WINDOWS\System32\IMM32.DLL
0x00007ffe947b0000 - 0x00007ffe9484b000 	C:\Program Files\Java\jdk-13\bin\msvcp140.dll
0x00007ffe537d0000 - 0x00007ffe54336000 	C:\Program Files\Java\jdk-13\bin\server\jvm.dll
0x00007ffec5620000 - 0x00007ffec56c3000 	C:\WINDOWS\System32\ADVAPI32.dll
0x00007ffec6650000 - 0x00007ffec66e7000 	C:\WINDOWS\System32\sechost.dll
0x00007ffec5610000 - 0x00007ffec5618000 	C:\WINDOWS\System32\PSAPI.DLL
0x00007ffeb3c60000 - 0x00007ffeb3c69000 	C:\WINDOWS\SYSTEM32\WSOCK32.dll
0x00007ffec6500000 - 0x00007ffec656f000 	C:\WINDOWS\System32\WS2_32.dll
0x00007ffebaec0000 - 0x00007ffebaee4000 	C:\WINDOWS\SYSTEM32\WINMM.dll
0x00007ffebf790000 - 0x00007ffebf79a000 	C:\WINDOWS\SYSTEM32\VERSION.dll
0x00007ffebae20000 - 0x00007ffebae4d000 	C:\WINDOWS\SYSTEM32\WINMMBASE.dll
0x00007ffec4b70000 - 0x00007ffec4bba000 	C:\WINDOWS\System32\cfgmgr32.dll
0x00007ffec4350000 - 0x00007ffec4361000 	C:\WINDOWS\System32\kernel.appcore.dll
0x00007ffebe5a0000 - 0x00007ffebe5b0000 	C:\Program Files\Java\jdk-13\bin\verify.dll
0x00007ffebec50000 - 0x00007ffebee44000 	C:\WINDOWS\SYSTEM32\DBGHELP.DLL
0x00007ffebe8a0000 - 0x00007ffebe8ca000 	C:\WINDOWS\SYSTEM32\dbgcore.DLL
0x00007ffeaa4c0000 - 0x00007ffeaa4e6000 	C:\Program Files\Java\jdk-13\bin\java.dll
0x00007ffebe2e0000 - 0x00007ffebe2ee000 	C:\Program Files\Java\jdk-13\bin\instrument.dll
0x00007ffeadf50000 - 0x00007ffeadf67000 	C:\Program Files\Java\jdk-13\bin\zip.dll
0x00007ffebe0d0000 - 0x00007ffebe0da000 	C:\Program Files\Java\jdk-13\bin\jimage.dll
0x00007ffec66f0000 - 0x00007ffec6dd5000 	C:\WINDOWS\System32\SHELL32.dll
0x00007ffec6570000 - 0x00007ffec6619000 	C:\WINDOWS\System32\shcore.dll
0x00007ffec4d30000 - 0x00007ffec54af000 	C:\WINDOWS\System32\windows.storage.dll
0x00007ffec4370000 - 0x00007ffec438f000 	C:\WINDOWS\System32\profapi.dll
0x00007ffec4300000 - 0x00007ffec434a000 	C:\WINDOWS\System32\powrprof.dll
0x00007ffec42d0000 - 0x00007ffec42e0000 	C:\WINDOWS\System32\UMPDC.dll
0x00007ffec6eb0000 - 0x00007ffec6f02000 	C:\WINDOWS\System32\shlwapi.dll
0x00007ffec4c70000 - 0x00007ffec4c87000 	C:\WINDOWS\System32\cryptsp.dll
0x00007ffeac0f0000 - 0x00007ffeac109000 	C:\Program Files\Java\jdk-13\bin\net.dll
0x00007ffeb99e0000 - 0x00007ffeb9bb6000 	C:\WINDOWS\SYSTEM32\urlmon.dll
0x00007ffec0560000 - 0x00007ffec0650000 	C:\WINDOWS\SYSTEM32\WINHTTP.dll
0x00007ffeb88f0000 - 0x00007ffeb8b96000 	C:\WINDOWS\SYSTEM32\iertutil.dll
0x00007ffec3d10000 - 0x00007ffec3d1c000 	C:\WINDOWS\SYSTEM32\CRYPTBASE.DLL
0x00007ffec3b40000 - 0x00007ffec3ba7000 	C:\WINDOWS\system32\mswsock.dll
0x00007ffeaad30000 - 0x00007ffeaad43000 	C:\Program Files\Java\jdk-13\bin\nio.dll
0x00007ffeaa4a0000 - 0x00007ffeaa4ba000 	G:\Archivos de programa\IntelliJ IDEA 2019.2.2\bin\breakgen64.dll
0x00007ffe95dc0000 - 0x00007ffe95e24000 	C:\Users\naits\AppData\Local\Temp\lwjglNaitsirc98\3.2.3-build-13\lwjgl.dll
0x00007ffe933e0000 - 0x00007ffe93442000 	C:\Users\naits\AppData\Local\Temp\lwjglNaitsirc98\3.2.3-build-13\glfw.dll
0x00007ffec2430000 - 0x00007ffec24c9000 	C:\WINDOWS\system32\uxtheme.dll
0x00007ffe97b70000 - 0x00007ffe97bb3000 	C:\WINDOWS\SYSTEM32\dinput8.dll
0x00007ffe97650000 - 0x00007ffe97661000 	C:\WINDOWS\SYSTEM32\xinput1_4.dll
0x00007ffec40d0000 - 0x00007ffec40fa000 	C:\WINDOWS\SYSTEM32\DEVOBJ.dll
0x00007ffec2960000 - 0x00007ffec298d000 	C:\WINDOWS\SYSTEM32\dwmapi.dll
0x00007ffeab8f0000 - 0x00007ffeaba0a000 	C:\WINDOWS\SYSTEM32\inputhost.dll
0x00007ffec2080000 - 0x00007ffec2154000 	C:\WINDOWS\SYSTEM32\CoreMessaging.dll
0x00007ffebf5d0000 - 0x00007ffebf723000 	C:\WINDOWS\SYSTEM32\wintypes.dll
0x00007ffeaa060000 - 0x00007ffeaa38a000 	C:\WINDOWS\SYSTEM32\CoreUIComponents.dll
0x00007ffec2d70000 - 0x00007ffec2e5f000 	C:\WINDOWS\SYSTEM32\PROPSYS.dll
0x00007ffec5780000 - 0x00007ffec5844000 	C:\WINDOWS\System32\OLEAUT32.dll
0x00007ffec3310000 - 0x00007ffec3341000 	C:\WINDOWS\SYSTEM32\ntmarta.dll
0x00007ffec5ae0000 - 0x00007ffec5c15000 	C:\WINDOWS\System32\MSCTF.dll
0x00007ffec2d60000 - 0x00007ffec2d6e000 	C:\WINDOWS\SYSTEM32\HID.DLL
0x00007ffec5d40000 - 0x00007ffec61b0000 	C:\WINDOWS\System32\SETUPAPI.DLL
0x00007ffec47e0000 - 0x00007ffec4806000 	C:\WINDOWS\System32\bcrypt.dll
0x00007ffec4890000 - 0x00007ffec48ec000 	C:\WINDOWS\System32\WINTRUST.dll
0x00007ffec42e0000 - 0x00007ffec42f2000 	C:\WINDOWS\System32\MSASN1.dll
0x00007ffec48f0000 - 0x00007ffec4a39000 	C:\WINDOWS\System32\CRYPT32.dll
0x00007ffeabcf0000 - 0x00007ffeabd8e000 	C:\WINDOWS\System32\TextInputFramework.dll
0x00007ffe8fba0000 - 0x00007ffe8fcaa000 	C:\WINDOWS\SYSTEM32\vulkan-1.dll
0x00007ffec2f90000 - 0x00007ffec2fb0000 	C:\WINDOWS\SYSTEM32\dxcore.dll
0x00007ffec3080000 - 0x00007ffec316b000 	C:\WINDOWS\system32\dxgi.dll

dbghelp: loaded successfully - version: 4.0.5 - missing functions: none
symbol engine: initialized successfully - sym options: 0x614 - pdb path: .;C:\Program Files\Java\jdk-13\bin;C:\WINDOWS\SYSTEM32;C:\WINDOWS\WinSxS\amd64_microsoft.windows.common-controls_6595b64144ccf1df_6.0.18362.592_none_e6c0b1911312be02;C:\Program Files\Java\jdk-13\bin\server;G:\Archivos de programa\IntelliJ IDEA 2019.2.2\bin;C:\Users\naits\AppData\Local\Temp\lwjglNaitsirc98\3.2.3-build-13;C:\WINDOWS\System32\DriverStore\FileRepository\nv_dispi.inf_amd64_77e6900053c33f6f

VM Arguments:
jvm_args: -javaagent:G:\Archivos de programa\IntelliJ IDEA 2019.2.2\lib\idea_rt.jar=50587:G:\Archivos de programa\IntelliJ IDEA 2019.2.2\bin -Dfile.encoding=UTF-8 
java_command: naitsirc98.javavulkantutorial.Ch01InstanceCreation
java_class_path (initial): G:\JavaDevelopment\Vulkan-Tutorial-Java\target\classes;C:\Users\naits\.m2\repository\org\lwjgl\lwjgl\3.2.3\lwjgl-3.2.3.jar;C:\Users\naits\.m2\repository\org\lwjgl\lwjgl-assimp\3.2.3\lwjgl-assimp-3.2.3.jar;C:\Users\naits\.m2\repository\org\lwjgl\lwjgl-glfw\3.2.3\lwjgl-glfw-3.2.3.jar;C:\Users\naits\.m2\repository\org\lwjgl\lwjgl-openal\3.2.3\lwjgl-openal-3.2.3.jar;C:\Users\naits\.m2\repository\org\lwjgl\lwjgl-shaderc\3.2.3\lwjgl-shaderc-3.2.3.jar;C:\Users\naits\.m2\repository\org\lwjgl\lwjgl-stb\3.2.3\lwjgl-stb-3.2.3.jar;C:\Users\naits\.m2\repository\org\lwjgl\lwjgl-vulkan\3.2.3\lwjgl-vulkan-3.2.3.jar;C:\Users\naits\.m2\repository\org\lwjgl\lwjgl\3.2.3\lwjgl-3.2.3-natives-windows.jar;C:\Users\naits\.m2\repository\org\lwjgl\lwjgl-assimp\3.2.3\lwjgl-assimp-3.2.3-natives-windows.jar;C:\Users\naits\.m2\repository\org\lwjgl\lwjgl-glfw\3.2.3\lwjgl-glfw-3.2.3-natives-windows.jar;C:\Users\naits\.m2\repository\org\lwjgl\lwjgl-openal\3.2.3\lwjgl-openal-3.2.3-natives-windows.jar;C:\Users\naits\.m2\repository\org\lwjgl\lwjgl-shaderc\3.2.3\lwjgl-shaderc-3.2.3-natives-windows.jar;C:\Users\naits\.m2\repository\org\lwjgl\lwjgl-stb\3.2.3\lwjgl-stb-3.2.3-natives-windows.jar;C:\Users\naits\.m2\repository\org\joml\joml\1.9.20\joml-1.9.20.jar
Launcher Type: SUN_STANDARD

[Global flags]
     intx CICompilerCount                          = 4                                         {product} {ergonomic}
     uint ConcGCThreads                            = 2                                         {product} {ergonomic}
     uint G1ConcRefinementThreads                  = 8                                         {product} {ergonomic}
   size_t G1HeapRegionSize                         = 1048576                                   {product} {ergonomic}
    uintx GCDrainStackTargetSize                   = 64                                        {product} {ergonomic}
   size_t InitialHeapSize                          = 268435456                                 {product} {ergonomic}
   size_t MarkStackSize                            = 4194304                                   {product} {ergonomic}
   size_t MaxHeapSize                              = 4282384384                                {product} {ergonomic}
   size_t MaxNewSize                               = 2569011200                                {product} {ergonomic}
   size_t MinHeapDeltaBytes                        = 1048576                                   {product} {ergonomic}
   size_t MinHeapSize                              = 8388608                                   {product} {ergonomic}
    uintx NonNMethodCodeHeapSize                   = 5836300                                {pd product} {ergonomic}
    uintx NonProfiledCodeHeapSize                  = 122910970                              {pd product} {ergonomic}
    uintx ProfiledCodeHeapSize                     = 122910970                              {pd product} {ergonomic}
    uintx ReservedCodeCacheSize                    = 251658240                              {pd product} {ergonomic}
     bool SegmentedCodeCache                       = true                                      {product} {ergonomic}
   size_t SoftMaxHeapSize                          = 4282384384                             {manageable} {ergonomic}
     bool UseCompressedClassPointers               = true                                 {lp64_product} {ergonomic}
     bool UseCompressedOops                        = true                                 {lp64_product} {ergonomic}
     bool UseG1GC                                  = true                                      {product} {ergonomic}
     bool UseLargePagesIndividualAllocation        = false                                  {pd product} {ergonomic}

Logging:
Log output configuration:
 #0: stdout all=warning uptime,level,tags
 #1: stderr all=off uptime,level,tags

Environment Variables:
JAVA_HOME=C:\Program Files\Java\jdk-13
PATH=C:\VulkanSDK\1.1.121.1\Bin\n;C:\Program Files\NVIDIA GPU Computing Toolkit\CUDA\v9.0\bin;C:\Program Files\NVIDIA GPU Computing Toolkit\CUDA\v9.0\libnvvp;C:\Users\naits\AppData\Local\Programs\Python\Python36\Scripts;C:\Users\naits\AppData\Local\Programs\Python\Python36;C:\Program Files (x86)\Razer Chroma SDK\bin;C:\Program Files\Razer Chroma SDK\bin;D:\devkitPro\msys\bin;C:\Windows\system32;C:\Windows;C:\Windows\System32\Wbem;C:\Windows\System32\WindowsPowerShell\v1.0\;G:\Archivos de programa\bin;C:\Program Files (x86)\GtkSharp\2.12\bin;C:\Users\naits\.dnx\bin;C:\Program Files\Microsoft DNX\Dnvm\;C:\Program Files\Microsoft SQL Server\130\Tools\Binn\;C:\Program Files (x86)\Skype\Phone\;I:\Xilinx\bin\nt;C:\Program Files (x86)\NVIDIA Corporation\PhysX\Common;C:\Program Files\Java\jdk-13\bin;C:\WINDOWS\system32;C:\WINDOWS;C:\WINDOWS\System32\Wbem;C:\WINDOWS\System32\WindowsPowerShell\v1.0\;C:\Program Files (x86)\Maven\apache-maven-3.5.2\bin;G:\Archivos de programa\;C:\WINDOWS\System32\OpenSSH\;C:\cygwin64\bin;C:\MinGW\bin;C:\GNAT\2018\bin;D:\bin;C:\Program Files\Git\cmd;C:\Program Files\dotnet\;C:\Users\naits\AppData\Local\Microsoft\WindowsApps;C:\Users\naits\.dotnet\tools;C:\Program Files\NVIDIA Corporation\NVIDIA NvDLISR;C:\gradle-4.10.3\bin;D:\Program Files\LLVM\bin;D:\Visual Leak Detector\bin\Win32;D:\Visual Leak Detector\bin\Win64;C:\Program Files (x86)\IncrediBuild;D:\cmd_executables;C:\gradle-5.4.1\bin;C:\Users\naits\Anaconda3\condabin;C:\WINDOWS\system32;C:\WINDOWS;C:\WINDOWS\System32\Wbem;C:\WINDOWS\System32\WindowsPowerShell\v1.0\;C:\WINDOWS\System32\OpenSSH\;C:\Users\naits\AppData\Local\Programs\Python\Python36\Scripts\;C:\Users\naits\AppData\Local\Programs\Python\Python36\;C:\VulkanSDK\1.1.121.1\Bin\n;C:\Program Files\NVIDIA GPU Computing Toolkit\CUDA\v9.0\bin;C:\Program Files\NVIDIA GPU Computing Toolkit\CUDA\v9.0\libnvvp;C:\Program Files (x86)\Python37-32\Scripts\;C:\Program Files (x86)\Python37-32\;C:\Program Files (x86)\Razer Chroma SDK\bin;C:\Program F
USERNAME=Naitsirc98
OS=Windows_NT
PROCESSOR_IDENTIFIER=Intel64 Family 6 Model 58 Stepping 9, GenuineIntel



---------------  S Y S T E M  ---------------

OS: Windows 10 , 64 bit Build 18362 (10.0.18362.329)

CPU:total 8 (initial active 8) (4 cores per cpu, 2 threads per core) family 6 model 58 stepping 9, cmov, cx8, fxsr, mmx, sse, sse2, sse3, ssse3, sse4.1, sse4.2, popcnt, avx, aes, clmul, erms, ht, tsc, tscinvbit, tscinv

Memory: 4k page, system-wide physical 16331M (8706M free)
TotalPageFile size 20024M (AvailPageFile size 6347M)
current process WorkingSet (physical memory assigned to process): 52M, peak: 57M
current process commit charge ("private bytes"): 354M, peak: 358M

vm_info: OpenJDK 64-Bit Server VM (13+33) for windows-amd64 JRE (13+33), built on Aug  9 2019 11:21:18 by "mach5one" with unknown MS VC++:1916

END.
